Logfile initialized
[INFO] logfile = /Users/mobmaxime102/Downloads/acs-android-push-gcm-master/build.log
[DEBUG] /Users/mobmaxime102/Library/Application Support/Titanium/mobilesdk/osx/3.1.3.GA/android/builder.py install cloudtestapp /Users/mobmaxime102/Software/android-sdk-macosx /Users/mobmaxime102/Downloads/acs-android-push-gcm-master com.titutorial.cloudtest 3
[INFO] Titanium SDK version: 3.1.3 (09/18/13 12:00 222f4d1)
[DEBUG] Waiting for device to be ready ...
[TRACE] adb devices returned 1 devices/emulators
[DEBUG] Device connected... (waited 0 seconds)
[DEBUG] waited 0.017698 seconds on emulator to get ready
[DEBUG] com.titutorial.cloudtest installed? False
[INFO] Copying CommonJS modules...
[INFO] Copying project resources..
[INFO] Detected change in tiapp.xml, or assets deleted. Forcing full re-build...
[TRACE] COPYING CREATED FILE: /Users/mobmaxime102/Downloads/acs-android-push-gcm-master/Resources/android/appicon.png => /Users/mobmaxime102/Downloads/acs-android-push-gcm-master/build/android/bin/assets/Resources/appicon.png
[TRACE] COPYING CREATED FILE: /Users/mobmaxime102/Downloads/acs-android-push-gcm-master/Resources/android/default.png => /Users/mobmaxime102/Downloads/acs-android-push-gcm-master/build/android/bin/assets/Resources/default.png
[TRACE] COPYING CREATED FILE: /Users/mobmaxime102/Downloads/acs-android-push-gcm-master/Resources/app.js => /Users/mobmaxime102/Downloads/acs-android-push-gcm-master/build/android/bin/assets/Resources/app.js
[TRACE] COPYING CREATED FILE: /Users/mobmaxime102/Downloads/acs-android-push-gcm-master/Resources/KS_nav_ui.png => /Users/mobmaxime102/Downloads/acs-android-push-gcm-master/build/android/bin/assets/Resources/KS_nav_ui.png
[TRACE] COPYING CREATED FILE: /Users/mobmaxime102/Downloads/acs-android-push-gcm-master/Resources/KS_nav_views.png => /Users/mobmaxime102/Downloads/acs-android-push-gcm-master/build/android/bin/assets/Resources/KS_nav_views.png
[DEBUG] LiveView not enabled
[TRACE] Generating Java Classes
[DEBUG] Processing Android resource drawables
[DEBUG] found special platform files dir = /Users/mobmaxime102/Downloads/acs-android-push-gcm-master/platform/android
[INFO] Copying platform-specific files ...
[DEBUG] app stylesheet => /Users/mobmaxime102/Downloads/acs-android-push-gcm-master/build/android/gen/com/titutorial/cloudtest/ApplicationStylesheet.java
[DEBUG] copying app icon: /Users/mobmaxime102/Downloads/acs-android-push-gcm-master/build/android/bin/assets/Resources/appicon.png
[DEBUG] generating theme.xml
[DEBUG] found drawable-long-land-hdpi splash screen at /Users/mobmaxime102/Downloads/acs-android-push-gcm-master/Resources/android/images/res-long-land-hdpi/default.png
[DEBUG] copying /Users/mobmaxime102/Downloads/acs-android-push-gcm-master/Resources/android/images/res-long-land-hdpi/default.png splash screen to /Users/mobmaxime102/Downloads/acs-android-push-gcm-master/build/android/res/drawable-long-land-hdpi/background.png
[DEBUG] found drawable-long-land-ldpi splash screen at /Users/mobmaxime102/Downloads/acs-android-push-gcm-master/Resources/android/images/res-long-land-ldpi/default.png
[DEBUG] copying /Users/mobmaxime102/Downloads/acs-android-push-gcm-master/Resources/android/images/res-long-land-ldpi/default.png splash screen to /Users/mobmaxime102/Downloads/acs-android-push-gcm-master/build/android/res/drawable-long-land-ldpi/background.png
[DEBUG] found drawable-long-port-hdpi splash screen at /Users/mobmaxime102/Downloads/acs-android-push-gcm-master/Resources/android/images/res-long-port-hdpi/default.png
[DEBUG] copying /Users/mobmaxime102/Downloads/acs-android-push-gcm-master/Resources/android/images/res-long-port-hdpi/default.png splash screen to /Users/mobmaxime102/Downloads/acs-android-push-gcm-master/build/android/res/drawable-long-port-hdpi/background.png
[DEBUG] found drawable-long-port-ldpi splash screen at /Users/mobmaxime102/Downloads/acs-android-push-gcm-master/Resources/android/images/res-long-port-ldpi/default.png
[DEBUG] copying /Users/mobmaxime102/Downloads/acs-android-push-gcm-master/Resources/android/images/res-long-port-ldpi/default.png splash screen to /Users/mobmaxime102/Downloads/acs-android-push-gcm-master/build/android/res/drawable-long-port-ldpi/background.png
[DEBUG] found drawable-notlong-land-hdpi splash screen at /Users/mobmaxime102/Downloads/acs-android-push-gcm-master/Resources/android/images/res-notlong-land-hdpi/default.png
[DEBUG] copying /Users/mobmaxime102/Downloads/acs-android-push-gcm-master/Resources/android/images/res-notlong-land-hdpi/default.png splash screen to /Users/mobmaxime102/Downloads/acs-android-push-gcm-master/build/android/res/drawable-notlong-land-hdpi/background.png
[DEBUG] found drawable-notlong-land-ldpi splash screen at /Users/mobmaxime102/Downloads/acs-android-push-gcm-master/Resources/android/images/res-notlong-land-ldpi/default.png
[DEBUG] copying /Users/mobmaxime102/Downloads/acs-android-push-gcm-master/Resources/android/images/res-notlong-land-ldpi/default.png splash screen to /Users/mobmaxime102/Downloads/acs-android-push-gcm-master/build/android/res/drawable-notlong-land-ldpi/background.png
[DEBUG] found drawable-notlong-land-mdpi splash screen at /Users/mobmaxime102/Downloads/acs-android-push-gcm-master/Resources/android/images/res-notlong-land-mdpi/default.png
[DEBUG] copying /Users/mobmaxime102/Downloads/acs-android-push-gcm-master/Resources/android/images/res-notlong-land-mdpi/default.png splash screen to /Users/mobmaxime102/Downloads/acs-android-push-gcm-master/build/android/res/drawable-notlong-land-mdpi/background.png
[DEBUG] found drawable-notlong-port-hdpi splash screen at /Users/mobmaxime102/Downloads/acs-android-push-gcm-master/Resources/android/images/res-notlong-port-hdpi/default.png
[DEBUG] copying /Users/mobmaxime102/Downloads/acs-android-push-gcm-master/Resources/android/images/res-notlong-port-hdpi/default.png splash screen to /Users/mobmaxime102/Downloads/acs-android-push-gcm-master/build/android/res/drawable-notlong-port-hdpi/background.png
[DEBUG] found drawable-notlong-port-ldpi splash screen at /Users/mobmaxime102/Downloads/acs-android-push-gcm-master/Resources/android/images/res-notlong-port-ldpi/default.png
[DEBUG] copying /Users/mobmaxime102/Downloads/acs-android-push-gcm-master/Resources/android/images/res-notlong-port-ldpi/default.png splash screen to /Users/mobmaxime102/Downloads/acs-android-push-gcm-master/build/android/res/drawable-notlong-port-ldpi/background.png
[DEBUG] found drawable-notlong-port-mdpi splash screen at /Users/mobmaxime102/Downloads/acs-android-push-gcm-master/Resources/android/images/res-notlong-port-mdpi/default.png
[DEBUG] copying /Users/mobmaxime102/Downloads/acs-android-push-gcm-master/Resources/android/images/res-notlong-port-mdpi/default.png splash screen to /Users/mobmaxime102/Downloads/acs-android-push-gcm-master/build/android/res/drawable-notlong-port-mdpi/background.png
[DEBUG] found splash screen at /Users/mobmaxime102/Downloads/acs-android-push-gcm-master/build/android/bin/assets/Resources/default.png
[TRACE] Writing out AndroidManifest.xml
[DEBUG] adding /Users/mobmaxime102/Downloads/acs-android-push-gcm-master/build/android/gen/com/titutorial/cloudtest/ApplicationStylesheet.java to javac build list
[DEBUG] adding /Users/mobmaxime102/Downloads/acs-android-push-gcm-master/build/android/gen/com/titutorial/cloudtest/CloudtestappActivity.java to javac build list
[DEBUG] adding /Users/mobmaxime102/Downloads/acs-android-push-gcm-master/build/android/gen/com/titutorial/cloudtest/CloudtestappAppInfo.java to javac build list
[DEBUG] adding /Users/mobmaxime102/Downloads/acs-android-push-gcm-master/build/android/gen/com/titutorial/cloudtest/CloudtestappApplication.java to javac build list
[DEBUG] adding /Users/mobmaxime102/Downloads/acs-android-push-gcm-master/build/android/gen/com/titutorial/cloudtest/Manifest.java to javac build list
[DEBUG] adding /Users/mobmaxime102/Downloads/acs-android-push-gcm-master/build/android/gen/com/titutorial/cloudtest/R.java to javac build list
[DEBUG] Building Java Sources: "/Users/mobmaxime102/Downloads/acs-android-push-gcm-master/build/android/gen/com/titutorial/cloudtest/ApplicationStylesheet.java" "/Users/mobmaxime102/Downloads/acs-android-push-gcm-master/build/android/gen/com/titutorial/cloudtest/CloudtestappActivity.java" "/Users/mobmaxime102/Downloads/acs-android-push-gcm-master/build/android/gen/com/titutorial/cloudtest/CloudtestappAppInfo.java" "/Users/mobmaxime102/Downloads/acs-android-push-gcm-master/build/android/gen/com/titutorial/cloudtest/CloudtestappApplication.java" "/Users/mobmaxime102/Downloads/acs-android-push-gcm-master/build/android/gen/com/titutorial/cloudtest/Manifest.java" "/Users/mobmaxime102/Downloads/acs-android-push-gcm-master/build/android/gen/com/titutorial/cloudtest/R.java"
[INFO] Compiling Android Resources... This could take some time
[DEBUG] Android classes.dex built
[DEBUG] creating unsigned apk: /Users/mobmaxime102/Downloads/acs-android-push-gcm-master/build/android/bin/app-unsigned.apk
[DEBUG] from resource zip => assets/Resources/KS_nav_ui.png
[DEBUG] from resource zip => assets/Resources/KS_nav_views.png
[DEBUG] from resource zip => assets/Resources/app.js
[DEBUG] from resource zip => assets/Resources/appicon.png
[DEBUG] from resource zip => assets/Resources/default.png
[DEBUG] from resource zip => assets/Resources/ti.cloud.js
[DEBUG] from resource zip => assets/app.json
[DEBUG] from resource zip => assets/index.json
[DEBUG] from resource zip => res/drawable/appicon.png
[DEBUG] from resource zip => res/drawable/background.png
[DEBUG] from resource zip => res/drawable/btn_check_buttonless_on_64.png
[DEBUG] from resource zip => res/drawable/btn_more_64.png
[DEBUG] from resource zip => res/drawable/disclosure_64.png
[DEBUG] from resource zip => res/drawable/my_icon.png
[DEBUG] from resource zip => res/layout/titanium_tabgroup.xml
[DEBUG] from resource zip => res/layout/titanium_ui_list_header_or_footer.xml
[DEBUG] from resource zip => res/layout/titanium_ui_list_item.xml
[DEBUG] from resource zip => AndroidManifest.xml
[DEBUG] from resource zip => resources.arsc
[DEBUG] from resource zip => res/drawable-long-land-hdpi/background.png
[DEBUG] from resource zip => res/drawable-long-land-ldpi/background.png
[DEBUG] from resource zip => res/drawable-long-port-hdpi/background.png
[DEBUG] from resource zip => res/drawable-long-port-ldpi/background.png
[DEBUG] from resource zip => res/drawable-notlong-land-hdpi/background.png
[DEBUG] from resource zip => res/drawable-notlong-land-ldpi/background.png
[DEBUG] from resource zip => res/drawable-notlong-land-mdpi/background.png
[DEBUG] from resource zip => res/drawable-notlong-port-hdpi/background.png
[DEBUG] from resource zip => res/drawable-notlong-port-ldpi/background.png
[DEBUG] from resource zip => res/drawable-notlong-port-mdpi/background.png
[DEBUG] from JAR /Users/mobmaxime102/Downloads/acs-android-push-gcm-master/modules/android/ti.cloudpush/2.3.3/lib/bcprov-jdk15-146-shrink.jar => org/bouncycastle/x509/CertPathReviewerMessages.properties
[DEBUG] from JAR /Users/mobmaxime102/Downloads/acs-android-push-gcm-master/modules/android/ti.cloudpush/2.3.3/lib/bcprov-jdk15-146-shrink.jar => org/bouncycastle/x509/CertPathReviewerMessages_de.properties
[DEBUG] from JAR /Users/mobmaxime102/Downloads/acs-android-push-gcm-master/modules/android/ti.cloudpush/2.3.3/lib/org.eclipse.paho.client.mqttv3.jar => org/eclipse/paho/client/mqttv3/internal/nls/logcat.properties
[DEBUG] from JAR /Users/mobmaxime102/Downloads/acs-android-push-gcm-master/modules/android/ti.cloudpush/2.3.3/lib/org.eclipse.paho.client.mqttv3.jar => org/eclipse/paho/client/mqttv3/internal/nls/messages.properties
[DEBUG] from JAR /Users/mobmaxime102/Downloads/acs-android-push-gcm-master/modules/android/ti.cloudpush/2.3.3/lib/org.eclipse.paho.client.mqttv3.jar => org/eclipse/paho/client/mqttv3/internal/nls/messages_cs.properties
[DEBUG] from JAR /Users/mobmaxime102/Downloads/acs-android-push-gcm-master/modules/android/ti.cloudpush/2.3.3/lib/org.eclipse.paho.client.mqttv3.jar => org/eclipse/paho/client/mqttv3/internal/nls/messages_de.properties
[DEBUG] from JAR /Users/mobmaxime102/Downloads/acs-android-push-gcm-master/modules/android/ti.cloudpush/2.3.3/lib/org.eclipse.paho.client.mqttv3.jar => org/eclipse/paho/client/mqttv3/internal/nls/messages_es.properties
[DEBUG] from JAR /Users/mobmaxime102/Downloads/acs-android-push-gcm-master/modules/android/ti.cloudpush/2.3.3/lib/org.eclipse.paho.client.mqttv3.jar => org/eclipse/paho/client/mqttv3/internal/nls/messages_fr.properties
[DEBUG] from JAR /Users/mobmaxime102/Downloads/acs-android-push-gcm-master/modules/android/ti.cloudpush/2.3.3/lib/org.eclipse.paho.client.mqttv3.jar => org/eclipse/paho/client/mqttv3/internal/nls/messages_hu.properties
[DEBUG] from JAR /Users/mobmaxime102/Downloads/acs-android-push-gcm-master/modules/android/ti.cloudpush/2.3.3/lib/org.eclipse.paho.client.mqttv3.jar => org/eclipse/paho/client/mqttv3/internal/nls/messages_it.properties
[DEBUG] from JAR /Users/mobmaxime102/Downloads/acs-android-push-gcm-master/modules/android/ti.cloudpush/2.3.3/lib/org.eclipse.paho.client.mqttv3.jar => org/eclipse/paho/client/mqttv3/internal/nls/messages_ja.properties
[DEBUG] from JAR /Users/mobmaxime102/Downloads/acs-android-push-gcm-master/modules/android/ti.cloudpush/2.3.3/lib/org.eclipse.paho.client.mqttv3.jar => org/eclipse/paho/client/mqttv3/internal/nls/messages_ko.properties
[DEBUG] from JAR /Users/mobmaxime102/Downloads/acs-android-push-gcm-master/modules/android/ti.cloudpush/2.3.3/lib/org.eclipse.paho.client.mqttv3.jar => org/eclipse/paho/client/mqttv3/internal/nls/messages_pl.properties
[DEBUG] from JAR /Users/mobmaxime102/Downloads/acs-android-push-gcm-master/modules/android/ti.cloudpush/2.3.3/lib/org.eclipse.paho.client.mqttv3.jar => org/eclipse/paho/client/mqttv3/internal/nls/messages_pt_BR.properties
[DEBUG] from JAR /Users/mobmaxime102/Downloads/acs-android-push-gcm-master/modules/android/ti.cloudpush/2.3.3/lib/org.eclipse.paho.client.mqttv3.jar => org/eclipse/paho/client/mqttv3/internal/nls/messages_ru.properties
[DEBUG] from JAR /Users/mobmaxime102/Downloads/acs-android-push-gcm-master/modules/android/ti.cloudpush/2.3.3/lib/org.eclipse.paho.client.mqttv3.jar => org/eclipse/paho/client/mqttv3/internal/nls/messages_zh_CN.properties
[DEBUG] from JAR /Users/mobmaxime102/Downloads/acs-android-push-gcm-master/modules/android/ti.cloudpush/2.3.3/lib/org.eclipse.paho.client.mqttv3.jar => org/eclipse/paho/client/mqttv3/internal/nls/messages_zh_TW.properties
[DEBUG] from JAR /Users/mobmaxime102/Downloads/acs-android-push-gcm-master/modules/android/ti.cloudpush/2.3.3/lib/org.eclipse.paho.client.mqttv3.jar => org/eclipse/paho/client/mqttv3/logging/jsr47min.properties
[DEBUG] from JAR /Users/mobmaxime102/Library/Application Support/Titanium/mobilesdk/osx/3.1.3.GA/android/thirdparty.jar => org/apache/Commons-NOTICE.txt
[DEBUG] from JAR /Users/mobmaxime102/Library/Application Support/Titanium/mobilesdk/osx/3.1.3.GA/android/thirdparty.jar => org/apache/HttpComponents-NOTICE.txt
[DEBUG] from JAR /Users/mobmaxime102/Library/Application Support/Titanium/mobilesdk/osx/3.1.3.GA/android/thirdparty.jar => org/apache/mime4j-NOTICE.txt
[DEBUG] from JAR /Users/mobmaxime102/Library/Application Support/Titanium/mobilesdk/osx/3.1.3.GA/android/titanium.jar => org/appcelerator/titanium/build.properties
[DEBUG] from JAR /Users/mobmaxime102/Library/Application Support/Titanium/mobilesdk/osx/3.1.3.GA/android/titanium.jar => org/appcelerator/titanium/res/drawable/background.png
[DEBUG] from JAR /Users/mobmaxime102/Library/Application Support/Titanium/mobilesdk/osx/3.1.3.GA/android/titanium.jar => org/appcelerator/titanium/res/drawable/btn_check_buttonless_on.png
[DEBUG] from JAR /Users/mobmaxime102/Library/Application Support/Titanium/mobilesdk/osx/3.1.3.GA/android/titanium.jar => org/appcelerator/titanium/res/drawable/btn_check_buttonless_on_18.png
[DEBUG] from JAR /Users/mobmaxime102/Library/Application Support/Titanium/mobilesdk/osx/3.1.3.GA/android/titanium.jar => org/appcelerator/titanium/res/drawable/btn_check_buttonless_on_48.png
[DEBUG] from JAR /Users/mobmaxime102/Library/Application Support/Titanium/mobilesdk/osx/3.1.3.GA/android/titanium.jar => org/appcelerator/titanium/res/drawable/btn_check_buttonless_on_64.png
[DEBUG] from JAR /Users/mobmaxime102/Library/Application Support/Titanium/mobilesdk/osx/3.1.3.GA/android/titanium.jar => org/appcelerator/titanium/res/drawable/btn_more.png
[DEBUG] from JAR /Users/mobmaxime102/Library/Application Support/Titanium/mobilesdk/osx/3.1.3.GA/android/titanium.jar => org/appcelerator/titanium/res/drawable/btn_more_18.png
[DEBUG] from JAR /Users/mobmaxime102/Library/Application Support/Titanium/mobilesdk/osx/3.1.3.GA/android/titanium.jar => org/appcelerator/titanium/res/drawable/btn_more_48.png
[DEBUG] from JAR /Users/mobmaxime102/Library/Application Support/Titanium/mobilesdk/osx/3.1.3.GA/android/titanium.jar => org/appcelerator/titanium/res/drawable/btn_more_64.png
[DEBUG] from JAR /Users/mobmaxime102/Library/Application Support/Titanium/mobilesdk/osx/3.1.3.GA/android/titanium.jar => org/appcelerator/titanium/res/drawable/btn_picker_normal.9.png
[DEBUG] from JAR /Users/mobmaxime102/Library/Application Support/Titanium/mobilesdk/osx/3.1.3.GA/android/titanium.jar => org/appcelerator/titanium/res/drawable/btn_picker_pressed.9.png
[DEBUG] from JAR /Users/mobmaxime102/Library/Application Support/Titanium/mobilesdk/osx/3.1.3.GA/android/titanium.jar => org/appcelerator/titanium/res/drawable/btn_picker_selected.9.png
[DEBUG] from JAR /Users/mobmaxime102/Library/Application Support/Titanium/mobilesdk/osx/3.1.3.GA/android/titanium.jar => org/appcelerator/titanium/res/drawable/default_icon.png
[DEBUG] from JAR /Users/mobmaxime102/Library/Application Support/Titanium/mobilesdk/osx/3.1.3.GA/android/titanium.jar => org/appcelerator/titanium/res/drawable/photoDefault.png
[DEBUG] from JAR /Users/mobmaxime102/Library/Application Support/Titanium/mobilesdk/osx/3.1.3.GA/android/modules/titanium-ui.jar => ti/modules/titanium/ui/widget/webview/binding.js
[DEBUG] from JAR /Users/mobmaxime102/Library/Application Support/Titanium/mobilesdk/osx/3.1.3.GA/android/modules/titanium-ui.jar => ti/modules/titanium/ui/widget/webview/binding.min.js
[DEBUG] from JAR /Users/mobmaxime102/Library/Application Support/Titanium/mobilesdk/osx/3.1.3.GA/android/modules/titanium-ui.jar => ti/modules/titanium/ui/widget/webview/json2.js
[DEBUG] from JAR /Users/mobmaxime102/Library/Application Support/Titanium/mobilesdk/osx/3.1.3.GA/android/modules/titanium-ui.jar => ti/modules/titanium/ui/widget/webview/polling.js
[DEBUG] from JAR /Users/mobmaxime102/Library/Application Support/Titanium/mobilesdk/osx/3.1.3.GA/android/modules/titanium-ui.jar => ti/modules/titanium/ui/widget/webview/polling.min.js
[DEBUG] installing native lib: /Users/mobmaxime102/Downloads/acs-android-push-gcm-master/modules/android/ti.cloudpush/2.3.3/libs/armeabi/libti.cloudpush.so
[DEBUG] installing native lib: /Users/mobmaxime102/Downloads/acs-android-push-gcm-master/modules/android/ti.cloudpush/2.3.3/libs/armeabi-v7a/libti.cloudpush.so
[DEBUG] installing native lib: /Users/mobmaxime102/Downloads/acs-android-push-gcm-master/modules/android/ti.cloudpush/2.3.3/libs/x86/libti.cloudpush.so
[DEBUG] installing native SDK libs
[DEBUG] Waiting for device to be ready ...
[TRACE] adb devices returned 1 devices/emulators
[DEBUG] Device connected... (waited 0 seconds)
[DEBUG] waited 0.018920 seconds on emulator to get ready
[INFO] Installing application on device
[INFO] Application installed. Launch from drawer on Home Screen
